<?xml version="1.0" encoding="UTF-8"?>
<testsuite xmlns:xsi="http://www.w3.org/2001/XMLSchema-instance" xsi:noNamespaceSchemaLocation="https://maven.apache.org/surefire/maven-surefire-plugin/xsd/surefire-test-report-3.0.xsd" version="3.0" name="TestSuite" time="205.48" tests="3" errors="0" skipped="0" failures="0">
  <properties>
[...]
</properties>
  <testcase name="runScenario[&quot;Verfiy the title of page&quot;, &quot;Home Page Functionality&quot;](1)" classname="appfeaturesStef.AppRunnerClass" time="95.18">
    <system-out><![CDATA[
Scenario: Verfiy the title of page          &amp#27;[90m# appfeatures/appfeature.feature:3&amp#27;[0m
  &amp#27;[32mGiven &amp#27;[0m&amp#27;[32mUser is at amazon portal&amp#27;[0m            &amp#27;[90m# appfeaturesStef.HomePage_StepDefClass.user_is_at_amazon_portal()&amp#27;[0m
  &amp#27;[32mThen &amp#27;[0m&amp#27;[32mTitle should contains the &amp#27;[0m&amp#27;[32m&amp#27;[1m"Shopping"&amp#27;[0m &amp#27;[90m# appfeaturesStef.HomePage_StepDefClass.title_should_contains_the(java.lang.String)&amp#27;[0m
]]></system-out>
    <system-err><![CDATA[SLF4J(W): No SLF4J providers were found.
SLF4J(W): Defaulting to no-operation (NOP) logger implementation
SLF4J(W): See https://www.slf4j.org/codes.html#noProviders for further details.
Sept 02, 2024 9:11:20 PM org.openqa.selenium.remote.tracing.opentelemetry.OpenTelemetryTracer createTracer
INFO: Using OpenTelemetry for tracing
]]></system-err>
  </testcase>
  <testcase name="runScenario[&quot;Verfiy the cart icon&quot;, &quot;Home Page Functionality&quot;](2)" classname="appfeaturesStef.AppRunnerClass" time="59.76">
    <system-out><![CDATA[
Scenario: Verfiy the cart icon              &amp#27;[90m# appfeatures/appfeature.feature:7&amp#27;[0m
  &amp#27;[32mGiven &amp#27;[0m&amp#27;[32mUser is at amazon portal&amp#27;[0m            &amp#27;[90m# appfeaturesStef.HomePage_StepDefClass.user_is_at_amazon_portal()&amp#27;[0m
  &amp#27;[32mThen &amp#27;[0m&amp#27;[32mUser should be able to see cart icon&amp#27;[0m &amp#27;[90m# appfeaturesStef.HomePage_StepDefClass.user_should_be_able_to_see_cart_icon()&amp#27;[0m
]]></system-out>
  </testcase>
  <testcase name="runScenario[&quot;Verify the sign in page&quot;, &quot;Home Page Functionality&quot;](3)" classname="appfeaturesStef.AppRunnerClass" time="43.391">
    <system-out><![CDATA[
Scenario: Verify the sign in page                    &amp#27;[90m# appfeatures/appfeature.feature:11&amp#27;[0m
  &amp#27;[32mGiven &amp#27;[0m&amp#27;[32mUser is at amazon portal&amp#27;[0m                     &amp#27;[90m# appfeaturesStef.HomePage_StepDefClass.user_is_at_amazon_portal()&amp#27;[0m
  &amp#27;[32mWhen &amp#27;[0m&amp#27;[32muser should click in Sign in button&amp#27;[0m           &amp#27;[90m# appfeaturesStef.HomePage_StepDefClass.user_should_click_in_sign_in_button()&amp#27;[0m
  &amp#27;[32mAnd &amp#27;[0m&amp#27;[32mUser should enter the username as &amp#27;[0m&amp#27;[32m&amp#27;[1m"9765434652"&amp#27;[0m &amp#27;[90m# appfeaturesStef.HomePage_StepDefClass.user_should_enter_the_username_as(java.lang.String)&amp#27;[0m
  &amp#27;[32mAnd &amp#27;[0m&amp#27;[32mUser should click on continue button of amazon&amp#27;[0m &amp#27;[90m# appfeaturesStef.HomePage_StepDefClass.user_should_click_on_continue_button_of_amazon()&amp#27;[0m
  &amp#27;[32mAnd &amp#27;[0m&amp#27;[32mUser should enter the password as &amp#27;[0m&amp#27;[32m&amp#27;[1m"9765434652"&amp#27;[0m &amp#27;[90m# appfeaturesStef.HomePage_StepDefClass.user_should_enter_the_password_as(java.lang.String)&amp#27;[0m
]]></system-out>
  </testcase>
</testsuite>