<?xml version="1.0" encoding="UTF-8"?>
<testng-results ignored="0" total="3" passed="3" failed="0" skipped="0">
  <reporter-output>
  </reporter-output>
  <suite started-at="2024-09-02T21:24:18 IST" name="Suite" finished-at="2024-09-02T21:26:30 IST" duration-ms="131974">
    <groups>
      <group name="cucumber">
        <method signature="AbstractTestNGCucumberTests.runScenario(io.cucumber.testng.PickleWrapper,io.cucumber.testng.FeatureWrapper)[pri:0, instance:appfeaturesStef.AppRunnerClass@12d4bf7e]" name="runScenario" class="io.cucumber.testng.AbstractTestNGCucumberTests"/>
      </group> <!-- cucumber -->
    </groups>
    <test started-at="2024-09-02T21:24:18 IST" name="Test" finished-at="2024-09-02T21:26:30 IST" duration-ms="131974">
      <class name="appfeaturesStef.AppRunnerClass">
        <test-method is-config="true" signature="setUpClass(org.testng.ITestContext)[pri:0, instance:appfeaturesStef.AppRunnerClass@12d4bf7e]" started-at="2024-09-02T21:24:18 IST" name="setUpClass" finished-at="2024-09-02T21:24:20 IST" duration-ms="2110" status="PASS">
          <params>
            <param index="0">
              <value>
                <![CDATA[org.testng.TestRunner@5ec4ff02]]>
              </value>
            </param>
          </params>
          <reporter-output>
          </reporter-output>
        </test-method> <!-- setUpClass -->
        <test-method signature="runScenario(io.cucumber.testng.PickleWrapper,io.cucumber.testng.FeatureWrapper)[pri:0, instance:appfeaturesStef.AppRunnerClass@12d4bf7e]" started-at="2024-09-02T21:24:20 IST" name="runScenario" description="Runs Cucumber Scenarios" data-provider="scenarios" finished-at="2024-09-02T21:25:24 IST" duration-ms="63287" status="PASS">
          <params>
            <param index="0">
              <value>
                <![CDATA["Verfiy the title of page"]]>
              </value>
            </param>
            <param index="1">
              <value>
                <![CDATA["Home Page Functionality"]]>
              </value>
            </param>
          </params>
          <reporter-output>
          </reporter-output>
        </test-method> <!-- runScenario -->
        <test-method signature="runScenario(io.cucumber.testng.PickleWrapper,io.cucumber.testng.FeatureWrapper)[pri:0, instance:appfeaturesStef.AppRunnerClass@12d4bf7e]" started-at="2024-09-02T21:25:24 IST" name="runScenario" description="Runs Cucumber Scenarios" data-provider="scenarios" finished-at="2024-09-02T21:25:57 IST" duration-ms="32869" status="PASS">
          <params>
            <param index="0">
              <value>
                <![CDATA["Verfiy the cart icon"]]>
              </value>
            </param>
            <param index="1">
              <value>
                <![CDATA["Home Page Functionality"]]>
              </value>
            </param>
          </params>
          <reporter-output>
          </reporter-output>
        </test-method> <!-- runScenario -->
        <test-method signature="runScenario(io.cucumber.testng.PickleWrapper,io.cucumber.testng.FeatureWrapper)[pri:0, instance:appfeaturesStef.AppRunnerClass@12d4bf7e]" started-at="2024-09-02T21:25:57 IST" name="runScenario" description="Runs Cucumber Scenarios" data-provider="scenarios" finished-at="2024-09-02T21:26:30 IST" duration-ms="32971" status="PASS">
          <params>
            <param index="0">
              <value>
                <![CDATA["Verify the sign in page"]]>
              </value>
            </param>
            <param index="1">
              <value>
                <![CDATA["Home Page Functionality"]]>
              </value>
            </param>
          </params>
          <reporter-output>
          </reporter-output>
        </test-method> <!-- runScenario -->
        <test-method is-config="true" signature="tearDownClass()[pri:0, instance:appfeaturesStef.AppRunnerClass@12d4bf7e]" started-at="2024-09-02T21:26:30 IST" name="tearDownClass" finished-at="2024-09-02T21:26:30 IST" duration-ms="507" status="PASS">
          <reporter-output>
          </reporter-output>
        </test-method> <!-- tearDownClass -->
      </class> <!-- appfeaturesStef.AppRunnerClass -->
    </test> <!-- Test -->
  </suite> <!-- Suite -->
</testng-results>
